"D:/game jam/MyProject/Content/Geometry/Meshes/CubeMaterial.uasset" 0
"D:/game jam/MyProject/Content/Geometry/Meshes/1M_Cube.uasset" 1
"D:/game jam/MyProject/Content/Geometry/Meshes/1M_Cube_Chamfer.uasset" 2
"D:/game jam/MyProject/Content/Geometry/Meshes/TemplateFloor.uasset" 3
"D:/game jam/MyProject/Content/Items/invis.uasset" 4
"D:/game jam/MyProject/Content/Mannequin/Character/Mesh/UE4_Mannequin_Skeleton.uasset" 5
"D:/game jam/MyProject/Content/Mannequin/Animations/ThirdPerson_Jump.uasset" 6
"D:/game jam/MyProject/Content/Mannequin/Animations/ThirdPersonJump_Loop.uasset" 7
"D:/game jam/MyProject/Content/Mannequin/Animations/ThirdPersonJump_Start.uasset" 8
"D:/game jam/MyProject/Content/Mannequin/Animations/ThirdPersonIdle.uasset" 9
"D:/game jam/MyProject/Content/Mannequin/Animations/ThirdPersonRun.uasset" 10
"D:/game jam/MyProject/Content/Mannequin/Animations/ThirdPersonWalk.uasset" 11
"D:/game jam/MyProject/Content/Mannequin/Animations/ThirdPerson_IdleRun_2D.uasset" 12
"../../../Engine/Content/EditorBlueprintResources/StandardMacros.uasset" 13
"D:/game jam/MyProject/Content/Mannequin/Animations/ThirdPerson_AnimBP.uasset" 14
"../../../Engine/Content/Functions/Engine_MaterialFunctions02/Utility/BlendAngleCorrectedNormals.uasset" 15
"../../../Engine/Content/Functions/MaterialLayerFunctions/MatLayerBlend_NormalBlend.uasset" 16
"../../../Engine/Content/Functions/MaterialLayerFunctions/MatLayerBlend_Simple.uasset" 17
"D:/game jam/MyProject/Content/Mannequin/Character/Materials/MaterialLayers/T_ML_Rubber_Blue_01_D.uasset" 18
"D:/game jam/MyProject/Content/Mannequin/Character/Materials/MaterialLayers/T_ML_Rubber_Blue_01_N.uasset" 19
"D:/game jam/MyProject/Content/Mannequin/Character/Materials/MaterialLayers/ML_GlossyBlack_Latex_UE4.uasset" 20
"D:/game jam/MyProject/Content/Mannequin/Character/Materials/MaterialLayers/ML_Plastic_Shiny_Beige.uasset" 21
"D:/game jam/MyProject/Content/Mannequin/Character/Textures/UE4_LOGO_CARD.uasset" 22
"D:/game jam/MyProject/Content/Mannequin/Character/Materials/MaterialLayers/ML_Plastic_Shiny_Beige_LOGO.uasset" 23
"D:/game jam/MyProject/Content/Mannequin/Character/Materials/MaterialLayers/T_ML_Aluminum01.uasset" 24
"D:/game jam/MyProject/Content/Mannequin/Character/Materials/MaterialLayers/T_ML_Aluminum01_N.uasset" 25
"D:/game jam/MyProject/Content/Mannequin/Character/Materials/MaterialLayers/ML_SoftMetal_UE4.uasset" 26
"D:/game jam/MyProject/Content/Mannequin/Character/Textures/UE4_Mannequin__normals.uasset" 27
"D:/game jam/MyProject/Content/Mannequin/Character/Textures/UE4_Mannequin_MAT_MASKA.uasset" 28
"D:/game jam/MyProject/Content/Mannequin/Character/Materials/M_UE4Man_Body.uasset" 29
"D:/game jam/MyProject/Content/Map/map_v2/Black.uasset" 30
"D:/game jam/MyProject/Content/Mannequin/Character/Textures/UE4Man_Logo_N.uasset" 31
"D:/game jam/MyProject/Content/Mannequin/Character/Materials/M_UE4Man_ChestLogo.uasset" 32
"D:/game jam/MyProject/Content/Mannequin/Character/Mesh/SK_Mannequin_PhysicsAsset.uasset" 33
"D:/game jam/MyProject/Content/Mannequin/Character/Mesh/SK_Mannequin.uasset" 34
"D:/game jam/MyProject/Content/ThirdPersonBP/Blueprints/ThirdPersonCharacter.uasset" 35
"D:/game jam/MyProject/Content/Map/map_v2/White.uasset" 36
"../../../Engine/Content/EngineMeshes/Sphere.uasset" 37
"D:/game jam/MyProject/Content/Items/B1_Item.uasset" 38
"D:/game jam/MyProject/Content/Items/test_item.uasset" 39
"../../../Engine/Content/Functions/Engine_MaterialFunctions01/Opacity/CameraDepthFade.uasset" 40
"../../../Engine/Content/EngineMaterials/T_Default_Material_Grid_M.uasset" 41
"../../../Engine/Content/EngineMaterials/T_Default_Material_Grid_N.uasset" 42
"../../../Engine/Content/EngineMaterials/WorldGridMaterial.uasset" 43
"../../../Engine/Content/BasicShapes/Cube.uasset" 44
"D:/game jam/MyProject/Content/UI/paper_W1.uasset" 45
"D:/game jam/MyProject/Content/Items/hint_w1.uasset" 46
"D:/game jam/MyProject/Content/Items/test_paper.uasset" 47
"../../../Engine/Content/MapTemplates/Materials/BasicAsset01.uasset" 48
"../../../Engine/Content/EngineMaterials/DefaultMaterial.uasset" 49
"../../../Engine/Content/BasicShapes/Cylinder.uasset" 50
"D:/game jam/MyProject/Content/Items/table.uasset" 51
"D:/game jam/MyProject/Content/Items/test_change.uasset" 52
"D:/game jam/MyProject/Content/Items/tset_change.uasset" 53
"D:/game jam/MyProject/Content/Mannequin/Animations/ThirdPersonJump_End.uasset" 54
"D:/game jam/MyProject/Content/Map/map_v2/MapFullV2_BlackAndWhite.uasset" 55
"D:/game jam/MyProject/Content/Map/MapFullV2_BlackAndWhite.uasset" 56
"D:/game jam/MyProject/Content/mat/BlackNOT.uasset" 57
"D:/game jam/MyProject/Content/mat/Black.uasset" 58
"D:/game jam/MyProject/Content/StarterContent/Materials/M_Basic_Wall.uasset" 59
"D:/game jam/MyProject/Content/StarterContent/Architecture/Pillar_50x500.uasset" 60
"D:/game jam/MyProject/Content/StarterContent/Architecture/Wall_400x300.uasset" 61
"D:/game jam/MyProject/Content/StarterContent/Architecture/Wall_400x400.uasset" 62
"D:/game jam/MyProject/Content/StarterContent/Architecture/Wall_500x500.uasset" 63
"D:/game jam/MyProject/Content/StarterContent/Architecture/Wall_Door_400x400.uasset" 64
"D:/game jam/MyProject/Content/StarterContent/Architecture/Wall_Window_400x400.uasset" 65
"D:/game jam/MyProject/Content/StarterContent/Audio/Collapse01.uasset" 66
"D:/game jam/MyProject/Content/StarterContent/Audio/Collapse02.uasset" 67
"D:/game jam/MyProject/Content/StarterContent/Audio/Explosion01.uasset" 68
"D:/game jam/MyProject/Content/StarterContent/Audio/Explosion02.uasset" 69
"D:/game jam/MyProject/Content/StarterContent/Audio/Fire01.uasset" 70
"D:/game jam/MyProject/Content/StarterContent/Audio/Fire_Sparks01.uasset" 71
"D:/game jam/MyProject/Content/StarterContent/Audio/Light01.uasset" 72
"D:/game jam/MyProject/Content/StarterContent/Audio/Light01_Cue.uasset" 73
"D:/game jam/MyProject/Content/StarterContent/Audio/Light02.uasset" 74
"D:/game jam/MyProject/Content/StarterContent/Audio/Light02_Cue.uasset" 75
"D:/game jam/MyProject/Content/StarterContent/Audio/Smoke01.uasset" 76
"D:/game jam/MyProject/Content/StarterContent/Audio/Starter_Birds01.uasset" 77
"D:/game jam/MyProject/Content/StarterContent/Audio/Starter_Music01.uasset" 78
"D:/game jam/MyProject/Content/StarterContent/Audio/Starter_Wind05.uasset" 79
"D:/game jam/MyProject/Content/StarterContent/Audio/Starter_Wind06.uasset" 80
"D:/game jam/MyProject/Content/StarterContent/Audio/Steam01.uasset" 81
"D:/game jam/MyProject/Content/StarterContent/Audio/Explosion_Cue.uasset" 82
"D:/game jam/MyProject/Content/StarterContent/Textures/T_Burst_M.uasset" 83
"D:/game jam/MyProject/Content/StarterContent/Particles/Materials/M_Burst.uasset" 84
"D:/game jam/MyProject/Content/StarterContent/Textures/T_Explosion_SubUV.uasset" 85
"D:/game jam/MyProject/Content/StarterContent/Particles/Materials/M_explosion_subUV.uasset" 86
"D:/game jam/MyProject/Content/StarterContent/Particles/Materials/m_flare_01.uasset" 87
"../../../Engine/Content/Functions/Engine_MaterialFunctions01/Gradient/RadialGradient.uasset" 88
"D:/game jam/MyProject/Content/StarterContent/Particles/Materials/M_radial_ramp.uasset" 89
"D:/game jam/MyProject/Content/StarterContent/Textures/T_Smoke_SubUV.uasset" 90
"D:/game jam/MyProject/Content/StarterContent/Textures/T_Smoke_Tiled_D.uasset" 91
"D:/game jam/MyProject/Content/StarterContent/Particles/Materials/M_smoke_subUV.uasset" 92
"D:/game jam/MyProject/Content/StarterContent/Particles/P_Explosion.uasset" 93
"D:/game jam/MyProject/Content/StarterContent/Blueprints/Blueprint_Effect_Explosion.uasset" 94
"../../../Engine/Content/EditorMeshes/ColorCalibrator/T_ColorGrid.uasset" 95
"D:/game jam/MyProject/Content/StarterContent/Materials/M_ColorGrid_LowSpec.uasset" 96
"D:/game jam/MyProject/Content/StarterContent/Textures/T_Bush_D.uasset" 97
"D:/game jam/MyProject/Content/StarterContent/Textures/T_Bush_N.uasset" 98
"D:/game jam/MyProject/Content/StarterContent/Props/Materials/M_Bush.uasset" 99
"D:/game jam/MyProject/Content/StarterContent/Props/SM_Bush.uasset" 100
"D:/game jam/MyProject/Content/StarterContent/Textures/T_Chair_M.uasset" 101
"D:/game jam/MyProject/Content/StarterContent/Textures/T_Chair_N.uasset" 102
"D:/game jam/MyProject/Content/StarterContent/Props/Materials/M_Chair.uasset" 103
"D:/game jam/MyProject/Content/StarterContent/Props/SM_Couch.uasset" 104
"D:/game jam/MyProject/Content/StarterContent/Materials/M_Glass.uasset" 105
"D:/game jam/MyProject/Content/StarterContent/Textures/T_Door_M.uasset" 106
"D:/game jam/MyProject/Content/StarterContent/Textures/T_Door_N.uasset" 107
"D:/game jam/MyProject/Content/StarterContent/Props/Materials/M_Door.uasset" 108
"D:/game jam/MyProject/Content/StarterContent/Props/SM_Door.uasset" 109
"D:/game jam/MyProject/Content/StarterContent/Props/Materials/M_MaterialSphere.uasset" 110
"D:/game jam/MyProject/Content/StarterContent/Props/Materials/M_MaterialSphere_Plain.uasset" 111
"D:/game jam/MyProject/Content/StarterContent/Props/SM_MatPreviewMesh_02.uasset" 112
"D:/game jam/MyProject/Content/StarterContent/Textures/T_Detail_Rocky_N.uasset" 113
"D:/game jam/MyProject/Content/StarterContent/Textures/T_Rock_Basalt_D.uasset" 114
"D:/game jam/MyProject/Content/StarterContent/Textures/T_RockMesh_M.uasset" 115
"D:/game jam/MyProject/Content/StarterContent/Textures/T_RockMesh_N.uasset" 116
"D:/game jam/MyProject/Content/StarterContent/Props/Materials/M_Rock.uasset" 117
"D:/game jam/MyProject/Content/StarterContent/Props/SM_Rock.uasset" 118
"D:/game jam/MyProject/Content/StarterContent/Textures/T_Shelf_M.uasset" 119
"D:/game jam/MyProject/Content/StarterContent/Textures/T_Shelf_N.uasset" 120
"D:/game jam/MyProject/Content/StarterContent/Props/Materials/M_Shelf.uasset" 121
"D:/game jam/MyProject/Content/StarterContent/Props/SM_Shelf.uasset" 122
"D:/game jam/MyProject/Content/StarterContent/Materials/M_Basic_Floor.uasset" 123
"D:/game jam/MyProject/Content/StarterContent/Props/SM_Stairs.uasset" 124
"D:/game jam/MyProject/Content/StarterContent/Shapes/Shape_Cone.uasset" 125
"D:/game jam/MyProject/Content/StarterContent/Shapes/Shape_Cylinder.uasset" 126
"D:/game jam/MyProject/Content/StarterContent/Shapes/Shape_NarrowCapsule.uasset" 127
"D:/game jam/MyProject/Content/StarterContent/Shapes/Shape_Pipe.uasset" 128
"D:/game jam/MyProject/Content/StarterContent/Shapes/Shape_Pipe_180.uasset" 129
"D:/game jam/MyProject/Content/StarterContent/Shapes/Shape_Pipe_90.uasset" 130
"D:/game jam/MyProject/Content/StarterContent/Shapes/Shape_Plane.uasset" 131
"D:/game jam/MyProject/Content/StarterContent/Shapes/Shape_Torus.uasset" 132
"D:/game jam/MyProject/Content/StarterContent/Shapes/Shape_Trim.uasset" 133
"D:/game jam/MyProject/Content/StarterContent/Shapes/Shape_Trim_90_In.uasset" 134
"D:/game jam/MyProject/Content/StarterContent/Shapes/Shape_Trim_90_Out.uasset" 135
"D:/game jam/MyProject/Content/StarterContent/Shapes/Shape_TriPyramid.uasset" 136
"D:/game jam/MyProject/Content/StarterContent/Shapes/Shape_Tube.uasset" 137
"D:/game jam/MyProject/Content/StarterContent/Shapes/Shape_Wedge_A.uasset" 138
"D:/game jam/MyProject/Content/StarterContent/Shapes/Shape_Wedge_B.uasset" 139
"D:/game jam/MyProject/Content/StarterContent/Shapes/Shape_WideCapsule.uasset" 140
"D:/game jam/MyProject/Content/ThirdPerson/Meshes/RampMaterial.uasset" 141
"D:/game jam/MyProject/Content/ThirdPerson/Meshes/Bump_StaticMesh.uasset" 142
"D:/game jam/MyProject/Content/ThirdPerson/Meshes/LeftArm_StaticMesh.uasset" 143
"D:/game jam/MyProject/Content/ThirdPerson/Meshes/Linear_Stair_StaticMesh.uasset" 144
"D:/game jam/MyProject/Content/ThirdPerson/Meshes/Ramp_StaticMesh.uasset" 145
"D:/game jam/MyProject/Content/ThirdPerson/Meshes/RightArm_StaticMesh.uasset" 146
"D:/game jam/MyProject/Content/ThirdPersonBP/ThirdPersonOverview.uasset" 147
"D:/game jam/MyProject/Content/ThirdPersonBP/Blueprints/ThirdPersonGameMode.uasset" 148
"../../../Engine/Content/Animation/DefaultAnimBoneCompressionSettings.uasset" 149
"../../../Engine/Content/Animation/DefaultAnimCurveCompressionSettings.uasset" 150
"../../../Engine/Content/ArtTools/RenderToTexture/Meshes/S_1_Unit_Plane.uasset" 151
"../../../Engine/Content/BasicShapes/Cone.uasset" 152
"../../../Engine/Content/BasicShapes/Sphere.uasset" 153
"../../../Engine/Content/EditorLandscapeResources/DataLayer.uasset" 154
"../../../Engine/Content/EditorMaterials/MAT_Groups_Toggle.uasset" 155
"../../../Engine/Content/EditorMaterials/MAT_Groups_Visibility.uasset" 156
"../../../Engine/Content/EditorMaterials/PreviewShadowIndicator.uasset" 157
"../../../Engine/Content/EditorMaterials/PreviewShadowIndicatorMaterial.uasset" 158
"../../../Engine/Content/EditorMaterials/MatineeGroups/MAT_ColorTrack.uasset" 159
"../../../Engine/Content/EditorMaterials/MatineeGroups/MAT_Groups_Anim.uasset" 160
"../../../Engine/Content/EditorMaterials/MatineeGroups/MAT_Groups_AudioMaster.uasset" 161
"../../../Engine/Content/EditorMaterials/MatineeGroups/MAT_Groups_Director.uasset" 162
"../../../Engine/Content/EditorMaterials/MatineeGroups/MAT_Groups_Event.uasset" 163
"../../../Engine/Content/EditorMaterials/MatineeGroups/MAT_Groups_Fade.uasset" 164
"../../../Engine/Content/EditorMaterials/MatineeGroups/MAT_Groups_Float.uasset" 165
"../../../Engine/Content/EditorMaterials/MatineeGroups/MAT_Groups_Move.uasset" 166
"../../../Engine/Content/EditorMaterials/MatineeGroups/MAT_Groups_Slomo.uasset" 167
"../../../Engine/Content/EditorMaterials/MatineeGroups/MAT_Groups_Sound.uasset" 168
"../../../Engine/Content/EditorMaterials/MatineeGroups/MAT_Groups_Vector.uasset" 169
"../../../Engine/Content/EditorMaterials/ParticleSystems/PSysThumbnail_NoImage.uasset" 170
"../../../Engine/Content/EditorMaterials/ParticleSystems/PSysThumbnail_OOD.uasset" 171
"../../../Engine/Content/EditorMaterials/Camera/CineMat.uasset" 172
"../../../Engine/Content/EditorMaterials/Camera/MI_CineMat_Rig.uasset" 173
"../../../Engine/Content/EditorMeshes/Camera/SM_CraneRig_Arm.uasset" 174
"../../../Engine/Content/EditorMeshes/Camera/SM_CraneRig_Base.uasset" 175
"../../../Engine/Content/EditorMeshes/Camera/SM_CraneRig_Body.uasset" 176
"../../../Engine/Content/EditorMeshes/Camera/SM_CraneRig_Mount.uasset" 177
"../../../Engine/Content/EditorMeshes/Camera/SM_RailRig_Mount.uasset" 178
"../../../Engine/Content/EditorMeshes/Camera/SM_RailRig_Track.uasset" 179
"../../../Engine/Content/EditorResources/BSPVertex.uasset" 180
"../../../Engine/Content/EditorResources/EmptyActor.uasset" 181
"../../../Engine/Content/EditorResources/S_Actor.uasset" 182
"../../../Engine/Content/EditorResources/S_Note.uasset" 183
"../../../Engine/Content/EditorResources/S_Solver.uasset" 184
"../../../Engine/Content/EditorResources/S_Trigger.uasset" 185
"../../../Engine/Content/EditorResources/AudioIcons/S_AudioComponent.uasset" 186
"../../../Engine/Content/EditorResources/AudioIcons/S_AudioComponent_AutoActivate.uasset" 187
"../../../Engine/Content/EditorResources/LightIcons/S_LightError.uasset" 188
"../../../Engine/Content/EditorResources/SequenceRecorder/Countdown.uasset" 189
"../../../Engine/Content/EditorResources/SequenceRecorder/RecordingIndicator.uasset" 190
"../../../Engine/Content/EditorSounds/Notifications/CompileFailed.uasset" 191
"../../../Engine/Content/EditorSounds/Notifications/CompileFailed_Cue.uasset" 192
"../../../Engine/Content/EditorSounds/Notifications/CompileSuccess.uasset" 193
"../../../Engine/Content/EditorSounds/Notifications/CompileStart_Cue.uasset" 194
"../../../Engine/Content/EditorSounds/Notifications/CompileSuccess_Cue.uasset" 195
"../../../Engine/Content/EngineDamageTypes/DmgTypeBP_Environmental.uasset" 196
"../../../Engine/Content/EngineDebugMaterials/DebugEditorMaterial.uasset" 197
"../../../Engine/Content/EngineDebugMaterials/DebugMeshMaterial.uasset" 198
"../../../Engine/Content/EngineDebugMaterials/M_SimpleUnlitTranslucent.uasset" 199
"../../../Engine/Content/Functions/Engine_MaterialFunctions02/Utility/CameraDirectionVector.uasset" 200
"../../../Engine/Content/EngineDebugMaterials/VolumeToRender.uasset" 201
"../../../Engine/Content/EngineDebugMaterials/M_VolumeRenderSphereTracePP.uasset" 202
"../../../Engine/Content/EngineDebugMaterials/WireframeMaterial.uasset" 203
"../../../Engine/Content/EngineFonts/Faces/DroidSansFallback.uasset" 204
"../../../Engine/Content/EngineFonts/Faces/RobotoBold.uasset" 205
"../../../Engine/Content/EngineFonts/Faces/RobotoBoldItalic.uasset" 206
"../../../Engine/Content/EngineFonts/Faces/RobotoItalic.uasset" 207
"../../../Engine/Content/EngineFonts/Faces/RobotoLight.uasset" 208
"../../../Engine/Content/EngineFonts/Faces/RobotoRegular.uasset" 209
"../../../Engine/Content/EngineFonts/Roboto.uasset" 210
"../../../Engine/Content/EngineMaterials/BaseFlattenDiffuseMap.uasset" 211
"../../../Engine/Content/EngineMaterials/BaseFlattenEmissiveMap.uasset" 212
"../../../Engine/Content/EngineMaterials/BaseFlattenGrayscaleMap.uasset" 213
"../../../Engine/Content/EngineMaterials/BaseFlattenNormalMap.uasset" 214
"../../../Engine/Content/EngineMaterials/BaseFlattenMaterial.uasset" 215
"../../../Engine/Content/EngineMaterials/BlueNoise.uasset" 216
"../../../Engine/Content/EngineMaterials/DefaultBloomKernel.uasset" 217
"../../../Engine/Content/EngineMaterials/DefaultBokeh.uasset" 218
"../../../Engine/Content/EngineMaterials/DefaultDiffuse.uasset" 219
"../../../Engine/Content/EngineMaterials/DefaultDeferredDecalMaterial.uasset" 220
"../../../Engine/Content/EngineMaterials/DefaultLightFunctionMaterial.uasset" 221
"../../../Engine/Content/EngineMaterials/DefaultPhysicalMaterial.uasset" 222
"../../../Engine/Content/Functions/Engine_MaterialFunctions02/Utility/BreakOutFloat2Components.uasset" 223
"../../../Engine/Content/EngineMaterials/DefaultPostProcessMaterial.uasset" 224
"../../../Engine/Content/EngineFonts/RobotoDistanceField.uasset" 225
"../../../Engine/Content/EngineMaterials/DefaultTextMaterialOpaque.uasset" 226
"../../../Engine/Content/EngineMaterials/DefaultWhiteGrid.uasset" 227
"../../../Engine/Content/EngineMaterials/DefaultWhiteGrid_Low.uasset" 228
"../../../Engine/Content/EngineMaterials/EmissiveMeshMaterial.uasset" 229
"../../../Engine/Content/EngineMaterials/GizmoMaterial.uasset" 230
"../../../Engine/Content/EngineMaterials/Good64x64TilingNoiseHighFreq.uasset" 231
"../../../Engine/Content/EngineMaterials/MiniFont.uasset" 232
"../../../Engine/Content/EngineMaterials/InvalidLightmapSettings.uasset" 233
"../../../Engine/Content/EngineMaterials/M_InvalidLightmapSettings.uasset" 234
"../../../Engine/Content/Functions/Engine_MaterialFunctions02/WorldPositionOffset/CameraOffset.uasset" 235
"../../../Engine/Content/EngineMaterials/PhAT_JointLimitMaterial.uasset" 236
"../../../Engine/Content/EngineMaterials/PreintegratedSkinBRDF.uasset" 237
"../../../Engine/Content/EngineMaterials/RemoveSurfaceMaterial.uasset" 238
"../../../Engine/Content/EngineMaterials/WeightMapPlaceholderTexture.uasset" 239
"../../../Engine/Content/EngineResources/WhiteSquareTexture.uasset" 240
"../../../Engine/Content/EngineMaterials/Widget3DPassThrough.uasset" 241
"../../../Engine/Content/EngineMaterials/Widget3DPassThrough_Masked.uasset" 242
"../../../Engine/Content/EngineMaterials/Widget3DPassThrough_Opaque.uasset" 243
"../../../Engine/Content/EngineMaterials/Widget3DPassThrough_Masked_OneSided.uasset" 244
"../../../Engine/Content/EngineMaterials/Widget3DPassThrough_Opaque_OneSided.uasset" 245
"../../../Engine/Content/EngineMaterials/Widget3DPassThrough_Translucent.uasset" 246
"../../../Engine/Content/EngineMaterials/Widget3DPassThrough_Translucent_OneSided.uasset" 247
"../../../Engine/Content/EngineMeshes/Cylinder.uasset" 248
"../../../Engine/Content/EngineResources/Black.uasset" 249
"../../../Engine/Content/EngineResources/DefaultTexture.uasset" 250
"../../../Engine/Content/EngineResources/DefaultTextureCube.uasset" 251
"../../../Engine/Content/EngineResources/DefaultVolumeTexture2D.uasset" 252
"../../../Engine/Content/EngineResources/DefaultVolumeTexture.uasset" 253
"../../../Engine/Content/EngineResources/GradientTexture0.uasset" 254
"../../../Engine/Content/EngineSounds/Master.uasset" 255
"../../../Engine/Content/Functions/Engine_MaterialFunctions01/Shading/ConvertFromDiffSpec.uasset" 256
"../../../Engine/Content/Functions/Engine_MaterialFunctions01/Shading/PowerToRoughness.uasset" 257
"../../../Engine/Content/Maps/Templates/Thumbnails/Default.uasset" 258
"../../../Engine/Content/Maps/Templates/Thumbnails/TimeOfDay.uasset" 259
"../../../Engine/Content/Maps/Templates/Thumbnails/VR-Basic.uasset" 260
"../../../Engine/Content/MobileResources/T_MobileControls_texture.uasset" 261
"../../../Engine/Content/MobileResources/T_MobileMenu2.uasset" 262
"../../../Engine/Content/MobileResources/HUD/AnalogHat.uasset" 263
"../../../Engine/Content/MobileResources/HUD/VirtualJoystick_Background.uasset" 264
"../../../Engine/Content/MobileResources/HUD/VirtualJoystick_Thumb.uasset" 265
"../../../Engine/Content/MobileResources/HUD/DefaultVirtualJoysticks.uasset" 266
"../../../Engine/Content/MobileResources/HUD/LeftVirtualJoystickOnly.uasset" 267
"../../../Engine/Content/MobileResources/HUD/MobileHUDButton1_off.uasset" 268
"../../../Engine/Content/MobileResources/HUD/MobileHUDButton1_on.uasset" 269
"../../../Engine/Content/MobileResources/HUD/MobileHUDButton2_off.uasset" 270
"../../../Engine/Content/MobileResources/HUD/MobileHUDButton2_on.uasset" 271
"../../../Engine/Content/MobileResources/HUD/MobileHUDButton3.uasset" 272
"../../../Engine/Content/MobileResources/HUD/MobileHUDButtonFire.uasset" 273
"../../../Engine/Content/MobileResources/HUD/MobileHUDDirectionPad.uasset" 274
"../../../Engine/Content/MobileResources/HUD/MobileHUDDirectionPad2.uasset" 275
"../../../Engine/Content/MobileResources/HUD/MobileHUDDirectionPad3.uasset" 276
"../../../Engine/Content/MobileResources/HUD/MobileHUDDirectionStick.uasset" 277
"../../../Engine/Content/MobileResources/HUD/T_Castle_ThumbstickInner.uasset" 278
"../../../Engine/Content/MobileResources/HUD/T_Castle_ThumbstickOutter.uasset" 279
"../../../Engine/Content/Tutorial/ContentIntroCurve.uasset" 280
"../../../Engine/Content/Tutorial/Basics/LevelEditorAttract.uasset" 281
"../../../Engine/Content/Tutorial/BlueprintTutorials/TutorialAssets/Blueprint_64x.uasset" 282
"../../../Engine/Content/Tutorial/BlueprintTutorials/BlueprintEditorTutorial.uasset" 283
"../../../Engine/Content/Tutorial/Installation/InstallingVisualStudioTutorial.uasset" 284
"../../../Engine/Content/VREditor/LaserPointer/VR_LaserPower_01.uasset" 285
"../../../Engine/Content/VREditor/TransformGizmo/TransformGizmoMaterial.uasset" 286
"../../../Engine/Content/VREditor/TransformGizmo/TranslucentTransformGizmoMaterial.uasset" 287
"../../../Engine/Content/VREditor/TransformGizmo/BoundingBoxCorner.uasset" 288
"../../../Engine/Content/VREditor/TransformGizmo/BoundingBoxEdge.uasset" 289
"../../../Engine/Content/VREditor/TransformGizmo/PlaneTranslationHandle.uasset" 290
"../../../Engine/Content/VREditor/TransformGizmo/Main.uasset" 291
"../../../Engine/Content/VREditor/TransformGizmo/Xray.uasset" 292
"../../../Engine/Content/VREditor/TransformGizmo/SM_Sequencer_Key.uasset" 293
"../../../Engine/Content/VREditor/TransformGizmo/SM_Sequencer_Node.uasset" 294
"../../Plugins/2D/Paper2D/Content/PlaceholderTextures/DummySpriteTexture.uasset" 295
"../../Plugins/2D/Paper2D/Content/DummySprite.uasset" 296
"../../Plugins/2D/Paper2D/Content/DefaultPaperTerrainMaterial.uasset" 297
"../../Plugins/2D/Paper2D/Content/DefaultSpriteMaterial.uasset" 298
"../../Plugins/2D/Paper2D/Content/MaskedUnlitSpriteMaterial.uasset" 299
"../../Plugins/2D/Paper2D/Content/OpaqueUnlitSpriteMaterial.uasset" 300
"../../Plugins/FX/Niagara/Content/Enums/ENiagaraBooleanLogicOps.uasset" 301
"../../Plugins/FX/Niagara/Content/Enums/ENiagaraCoordinateSpace.uasset" 302
"../../Plugins/FX/Niagara/Content/Enums/ENiagaraExpansionMode.uasset" 303
"../../Plugins/FX/Niagara/Content/Enums/ENiagaraOrientationAxis.uasset" 304
"../../Plugins/FX/Niagara/Content/Enums/ENiagaraRandomnessMode.uasset" 305
"../../../Engine/Content/Functions/Engine_MaterialFunctions02/Utility/BreakOutFloat4Components.uasset" 306
"../../../Engine/Content/Functions/Engine_MaterialFunctions02/Utility/MakeFloat2.uasset" 307
"../../../Engine/Content/Functions/Engine_MaterialFunctions02/Utility/MakeFloat3.uasset" 308
"../../Plugins/Runtime/Oculus/OculusVR/Content/Materials/OculusMR_ChromaKey.uasset" 309
"../../Plugins/Runtime/Oculus/OculusVR/Content/Materials/OculusMR_ChromaKey_Lit.uasset" 310
"../../Plugins/Runtime/Oculus/OculusVR/Content/Materials/OculusMR_OpaqueColoredMaterial.uasset" 311
"../../Plugins/Runtime/Oculus/OculusVR/Content/Materials/OculusMR_WhiteMaterial.uasset" 312
"D:/game jam/MyProject/Content/StarterContent/Blueprints/Assets/FogBrightnessLUT.uasset" 313
"D:/game jam/MyProject/Content/StarterContent/Blueprints/Assets/SunlightColorLUT.uasset" 314
"D:/game jam/MyProject/Content/StarterContent/Blueprints/Assets/M_LightStage_Arrows.uasset" 315
"../../../Engine/Content/MapTemplates/Sky/DaylightAmbientCubemap.uasset" 316
"D:/game jam/MyProject/Content/StarterContent/Blueprints/Assets/M_LightStage_Skybox_Master.uasset" 317
"D:/game jam/MyProject/Content/StarterContent/Blueprints/Assets/M_LightStage_Skybox_Black.uasset" 318
"D:/game jam/MyProject/Content/StarterContent/Blueprints/Assets/M_LightStage_Skybox_HDRI.uasset" 319
"../../../Engine/Content/EditorMaterials/Thumbnails/SkySphereMaterial.uasset" 320
"D:/game jam/MyProject/Content/StarterContent/Blueprints/Assets/Skybox.uasset" 321
"D:/game jam/MyProject/Content/StarterContent/Blueprints/Assets/SM_Arrows.uasset" 322
"D:/game jam/MyProject/Content/StarterContent/HDRI/HDRI_Epic_Courtyard_Daylight.uasset" 323
"D:/game jam/MyProject/Content/StarterContent/Blueprints/BP_LightStudio.uasset" 324
"D:/game jam/MyProject/Content/StarterContent/Maps/Advanced_Lighting_BuiltData.uasset" 325
"D:/game jam/MyProject/Content/StarterContent/Materials/M_AssetPlatform.uasset" 326
"../../../Engine/Content/EditorMeshes/ColorCalibrator/M_ChromeBall.uasset" 327
"../../../Engine/Content/EditorMeshes/ColorCalibrator/M_ClearCoat.uasset" 328
"../../../Engine/Content/EditorMeshes/ColorCalibrator/M_ClearCoatBlack.uasset" 329
"../../../Engine/Content/EditorMeshes/ColorCalibrator/Color_checker.uasset" 330
"../../../Engine/Content/EditorMeshes/ColorCalibrator/M_ColorGrid.uasset" 331
"../../../Engine/Content/EditorMeshes/ColorCalibrator/M_GreyBall.uasset" 332
"../../../Engine/Content/EditorMeshes/ColorCalibrator/SM_ColorCalibrator.uasset" 333
"D:/game jam/MyProject/Content/StarterContent/Architecture/SM_AssetPlatform.uasset" 334
"D:/game jam/MyProject/Content/StarterContent/Maps/Advanced_Lighting.umap" 335
"../../../Engine/Content/EngineSky/C_Sky_Cloud_Color.uasset" 336
"../../../Engine/Content/EngineSky/C_Sky_Horizon_Color.uasset" 337
"../../../Engine/Content/EngineSky/C_Sky_Zenith_Color.uasset" 338
"../../../Engine/Content/EngineSky/T_Sky_Blue.uasset" 339
"../../../Engine/Content/EngineSky/T_Sky_Clouds_M.uasset" 340
"../../../Engine/Content/EngineSky/T_Sky_Stars.uasset" 341
"../../../Engine/Content/EngineSky/M_Sky_Panning_Clouds2.uasset" 342
"../../../Engine/Content/EngineSky/SM_SkySphere.uasset" 343
"../../../Engine/Content/EngineSky/BP_Sky_Sphere.uasset" 344
"D:/game jam/MyProject/Content/StarterContent/Maps/Minimal_Default_BuiltData.uasset" 345
"D:/game jam/MyProject/Content/StarterContent/Textures/T_MacroVariation.uasset" 346
"D:/game jam/MyProject/Content/StarterContent/Materials/M_Metal_Brushed_Nickel.uasset" 347
"D:/game jam/MyProject/Content/StarterContent/Textures/T_Metal_Aluminum_D.uasset" 348
"D:/game jam/MyProject/Content/StarterContent/Textures/T_Metal_Gold_N.uasset" 349
"D:/game jam/MyProject/Content/StarterContent/Materials/M_Metal_Burnished_Steel.uasset" 350
"D:/game jam/MyProject/Content/StarterContent/Textures/T_Metal_Copper_D.uasset" 351
"D:/game jam/MyProject/Content/StarterContent/Materials/M_Metal_Copper.uasset" 352
"D:/game jam/MyProject/Content/StarterContent/Textures/T_Statue_M.uasset" 353
"D:/game jam/MyProject/Content/StarterContent/Textures/T_Statue_N.uasset" 354
"D:/game jam/MyProject/Content/StarterContent/Props/Materials/M_StatueGlass.uasset" 355
"D:/game jam/MyProject/Content/StarterContent/Architecture/Floor_400x400.uasset" 356
"D:/game jam/MyProject/Content/StarterContent/Audio/Starter_Background_Cue.uasset" 357
"D:/game jam/MyProject/Content/StarterContent/Props/SM_Chair.uasset" 358
"D:/game jam/MyProject/Content/StarterContent/Props/Materials/M_Statue.uasset" 359
"D:/game jam/MyProject/Content/StarterContent/Props/SM_Statue.uasset" 360
"D:/game jam/MyProject/Content/StarterContent/Textures/T_TableRound_M.uasset" 361
"D:/game jam/MyProject/Content/StarterContent/Textures/T_TableRound_N.uasset" 362
"D:/game jam/MyProject/Content/StarterContent/Props/Materials/M_TableRound.uasset" 363
"D:/game jam/MyProject/Content/StarterContent/Props/SM_TableRound.uasset" 364
"D:/game jam/MyProject/Content/StarterContent/Maps/Minimal_Default.umap" 365
"D:/game jam/MyProject/Content/StarterContent/Audio/Fire01_Cue.uasset" 366
"D:/game jam/MyProject/Content/StarterContent/Textures/T_Fire_SubUV.uasset" 367
"D:/game jam/MyProject/Content/StarterContent/Textures/T_Fire_Tiled_D.uasset" 368
"D:/game jam/MyProject/Content/StarterContent/Particles/Materials/M_Fire_SubUV.uasset" 369
"D:/game jam/MyProject/Content/StarterContent/Textures/T_Water_N.uasset" 370
"D:/game jam/MyProject/Content/StarterContent/Particles/Materials/M_Heat_Distortion.uasset" 371
"D:/game jam/MyProject/Content/StarterContent/Particles/Materials/M_Radial_Gradient.uasset" 372
"D:/game jam/MyProject/Content/StarterContent/Particles/P_Fire.uasset" 373
"D:/game jam/MyProject/Content/StarterContent/Blueprints/Blueprint_Effect_Fire.uasset" 374
"D:/game jam/MyProject/Content/StarterContent/Audio/Smoke01_Cue.uasset" 375
"D:/game jam/MyProject/Content/StarterContent/Particles/P_Smoke.uasset" 376
"D:/game jam/MyProject/Content/StarterContent/Blueprints/Blueprint_Effect_Smoke.uasset" 377
"D:/game jam/MyProject/Content/StarterContent/Audio/Fire_Sparks01_Cue.uasset" 378
"D:/game jam/MyProject/Content/StarterContent/Textures/T_Spark_Core.uasset" 379
"D:/game jam/MyProject/Content/StarterContent/Particles/Materials/M_Spark.uasset" 380
"D:/game jam/MyProject/Content/StarterContent/Particles/P_Sparks.uasset" 381
"D:/game jam/MyProject/Content/StarterContent/Blueprints/Blueprint_Effect_Sparks.uasset" 382
"D:/game jam/MyProject/Content/StarterContent/Audio/Steam01_Cue.uasset" 383
"D:/game jam/MyProject/Content/StarterContent/Particles/P_Steam_Lit.uasset" 384
"D:/game jam/MyProject/Content/StarterContent/Blueprints/Blueprint_Effect_Steam.uasset" 385
"D:/game jam/MyProject/Content/StarterContent/Textures/T_Lamp_M.uasset" 386
"D:/game jam/MyProject/Content/StarterContent/Textures/T_Lamp_N.uasset" 387
"D:/game jam/MyProject/Content/StarterContent/Props/Materials/M_Lamp.uasset" 388
"D:/game jam/MyProject/Content/StarterContent/Props/SM_Lamp_Ceiling.uasset" 389
"D:/game jam/MyProject/Content/StarterContent/Blueprints/Blueprint_CeilingLight.uasset" 390
"D:/game jam/MyProject/Content/StarterContent/Props/SM_Lamp_Wall.uasset" 391
"D:/game jam/MyProject/Content/StarterContent/Blueprints/Blueprint_WallSconce.uasset" 392
"D:/game jam/MyProject/Content/StarterContent/Maps/StarterMap_BuiltData.uasset" 393
"../../../Engine/Content/Functions/Engine_MaterialFunctions03/Procedurals/ComputeFilterWidth.uasset" 394
"../../../Engine/Content/EngineMaterials/AntiAliasedTextMaterialTranslucent.uasset" 395
"D:/game jam/MyProject/Content/StarterContent/Textures/T_Brick_Clay_Beveled_D.uasset" 396
"D:/game jam/MyProject/Content/StarterContent/Textures/T_Brick_Clay_Beveled_M.uasset" 397
"D:/game jam/MyProject/Content/StarterContent/Textures/T_Brick_Clay_Beveled_N.uasset" 398
"D:/game jam/MyProject/Content/StarterContent/Materials/M_Brick_Clay_Beveled.uasset" 399
"D:/game jam/MyProject/Content/StarterContent/Textures/T_Brick_Clay_New_D.uasset" 400
"D:/game jam/MyProject/Content/StarterContent/Textures/T_Brick_Clay_New_M.uasset" 401
"D:/game jam/MyProject/Content/StarterContent/Textures/T_Brick_Clay_New_N.uasset" 402
"D:/game jam/MyProject/Content/StarterContent/Materials/M_Brick_Clay_New.uasset" 403
"D:/game jam/MyProject/Content/StarterContent/Textures/T_Brick_Clay_Old_D.uasset" 404
"D:/game jam/MyProject/Content/StarterContent/Textures/T_Brick_Clay_Old_N.uasset" 405
"D:/game jam/MyProject/Content/StarterContent/Textures/T_Perlin_Noise_M.uasset" 406
"D:/game jam/MyProject/Content/StarterContent/Materials/M_Brick_Clay_Old.uasset" 407
"D:/game jam/MyProject/Content/StarterContent/Textures/T_Brick_Cut_Stone_D.uasset" 408
"D:/game jam/MyProject/Content/StarterContent/Textures/T_Brick_Cut_Stone_N.uasset" 409
"D:/game jam/MyProject/Content/StarterContent/Materials/M_Brick_Cut_Stone.uasset" 410
"D:/game jam/MyProject/Content/StarterContent/Textures/T_Brick_Hewn_Stone_D.uasset" 411
"D:/game jam/MyProject/Content/StarterContent/Textures/T_Brick_Hewn_Stone_M.uasset" 412
"D:/game jam/MyProject/Content/StarterContent/Textures/T_Brick_Hewn_Stone_N.uasset" 413
"D:/game jam/MyProject/Content/StarterContent/Materials/M_Brick_Hewn_Stone.uasset" 414
"D:/game jam/MyProject/Content/StarterContent/Textures/T_Ceramic_Tile_M.uasset" 415
"D:/game jam/MyProject/Content/StarterContent/Textures/T_Ceramic_Tile_N.uasset" 416
"D:/game jam/MyProject/Content/StarterContent/Textures/T_Rock_Marble_Polished_D.uasset" 417
"D:/game jam/MyProject/Content/StarterContent/Materials/M_Ceramic_Tile_Checker.uasset" 418
"D:/game jam/MyProject/Content/StarterContent/Textures/T_CobbleStone_Pebble_D.uasset" 419
"D:/game jam/MyProject/Content/StarterContent/Textures/T_CobbleStone_Pebble_M.uasset" 420
"D:/game jam/MyProject/Content/StarterContent/Textures/T_CobbleStone_Pebble_N.uasset" 421
"D:/game jam/MyProject/Content/StarterContent/Materials/M_CobbleStone_Pebble.uasset" 422
"D:/game jam/MyProject/Content/StarterContent/Textures/T_CobbleStone_Rough_D.uasset" 423
"D:/game jam/MyProject/Content/StarterContent/Textures/T_CobbleStone_Rough_N.uasset" 424
"D:/game jam/MyProject/Content/StarterContent/Textures/T_Gradinet_01.uasset" 425
"D:/game jam/MyProject/Content/StarterContent/Textures/T_Rock_Smooth_Granite_D.uasset" 426
"D:/game jam/MyProject/Content/StarterContent/Materials/M_CobbleStone_Rough.uasset" 427
"D:/game jam/MyProject/Content/StarterContent/Textures/T_CobbleStone_Smooth_D.uasset" 428
"D:/game jam/MyProject/Content/StarterContent/Textures/T_CobbleStone_Smooth_M.uasset" 429
"D:/game jam/MyProject/Content/StarterContent/Textures/T_CobbleStone_Smooth_N.uasset" 430
"D:/game jam/MyProject/Content/StarterContent/Materials/M_CobbleStone_Smooth.uasset" 431
"D:/game jam/MyProject/Content/StarterContent/Textures/T_Concrete_Grime_D.uasset" 432
"D:/game jam/MyProject/Content/StarterContent/Textures/T_Metal_Rust_N.uasset" 433
"D:/game jam/MyProject/Content/StarterContent/Materials/M_Concrete_Grime.uasset" 434
"D:/game jam/MyProject/Content/StarterContent/Textures/T_Concrete_Panels_D.uasset" 435
"D:/game jam/MyProject/Content/StarterContent/Textures/T_Concrete_Panels_N.uasset" 436
"D:/game jam/MyProject/Content/StarterContent/Materials/M_Concrete_Panels.uasset" 437
"D:/game jam/MyProject/Content/StarterContent/Textures/T_Concrete_Poured_D.uasset" 438
"D:/game jam/MyProject/Content/StarterContent/Textures/T_Concrete_Poured_N.uasset" 439
"D:/game jam/MyProject/Content/StarterContent/Materials/M_Concrete_Poured.uasset" 440
"D:/game jam/MyProject/Content/StarterContent/Textures/T_Concrete_Tiles_D.uasset" 441
"D:/game jam/MyProject/Content/StarterContent/Textures/T_Concrete_Tiles_M.uasset" 442
"D:/game jam/MyProject/Content/StarterContent/Textures/T_Concrete_Tiles_N.uasset" 443
"D:/game jam/MyProject/Content/StarterContent/Textures/T_Concrete_Tiles_Variation_M.uasset" 444
"D:/game jam/MyProject/Content/StarterContent/Materials/M_Concrete_Tiles.uasset" 445
"D:/game jam/MyProject/Content/StarterContent/Textures/T_Ground_Grass_D.uasset" 446
"D:/game jam/MyProject/Content/StarterContent/Textures/T_Ground_Grass_N.uasset" 447
"D:/game jam/MyProject/Content/StarterContent/Materials/M_Ground_Grass.uasset" 448
"D:/game jam/MyProject/Content/StarterContent/Textures/T_Ground_Gravel_D.uasset" 449
"D:/game jam/MyProject/Content/StarterContent/Textures/T_Ground_Gravel_N.uasset" 450
"D:/game jam/MyProject/Content/StarterContent/Materials/M_Ground_Gravel.uasset" 451
"D:/game jam/MyProject/Content/StarterContent/Textures/T_ground_Moss_D.uasset" 452
"D:/game jam/MyProject/Content/StarterContent/Textures/T_Ground_Moss_N.uasset" 453
"D:/game jam/MyProject/Content/StarterContent/Materials/M_Ground_Moss.uasset" 454
"D:/game jam/MyProject/Content/StarterContent/Materials/M_Metal_Chrome.uasset" 455
"D:/game jam/MyProject/Content/StarterContent/Textures/T_Metal_Gold_D.uasset" 456
"D:/game jam/MyProject/Content/StarterContent/Materials/M_Metal_Gold.uasset" 457
"D:/game jam/MyProject/Content/StarterContent/Textures/T_Metal_Rust_D.uasset" 458
"D:/game jam/MyProject/Content/StarterContent/Materials/M_Metal_Rust.uasset" 459
"D:/game jam/MyProject/Content/StarterContent/Textures/T_Metal_Steel_D.uasset" 460
"D:/game jam/MyProject/Content/StarterContent/Textures/T_Metal_Steel_N.uasset" 461
"D:/game jam/MyProject/Content/StarterContent/Materials/M_Metal_Steel.uasset" 462
"D:/game jam/MyProject/Content/StarterContent/Textures/T_Rock_Basalt_N.uasset" 463
"D:/game jam/MyProject/Content/StarterContent/Materials/M_Rock_Basalt.uasset" 464
"D:/game jam/MyProject/Content/StarterContent/Materials/M_Rock_Marble_Polished.uasset" 465
"D:/game jam/MyProject/Content/StarterContent/Textures/T_Rock_Sandstone_D.uasset" 466
"D:/game jam/MyProject/Content/StarterContent/Textures/T_Rock_Sandstone_N.uasset" 467
"D:/game jam/MyProject/Content/StarterContent/Materials/M_Rock_Sandstone.uasset" 468
"D:/game jam/MyProject/Content/StarterContent/Textures/T_Rock_Slate_D.uasset" 469
"D:/game jam/MyProject/Content/StarterContent/Textures/T_Rock_Slate_N.uasset" 470
"D:/game jam/MyProject/Content/StarterContent/Materials/M_Rock_Slate.uasset" 471
"D:/game jam/MyProject/Content/StarterContent/Textures/T_Checker_Noise_M.uasset" 472
"D:/game jam/MyProject/Content/StarterContent/Textures/T_Single_Tile_N.uasset" 473
"D:/game jam/MyProject/Content/StarterContent/Textures/T_Tech_Dot_M.uasset" 474
"D:/game jam/MyProject/Content/StarterContent/Textures/T_Tech_Dot_N.uasset" 475
"D:/game jam/MyProject/Content/StarterContent/Materials/M_Tech_Checker_Dot.uasset" 476
"D:/game jam/MyProject/Content/StarterContent/Textures/T_Tech_Hex_Tile_M.uasset" 477
"D:/game jam/MyProject/Content/StarterContent/Textures/T_Tech_Hex_Tile_N.uasset" 478
"D:/game jam/MyProject/Content/StarterContent/Materials/M_Tech_Hex_Tile.uasset" 479
"D:/game jam/MyProject/Content/StarterContent/Materials/M_Tech_Hex_Tile_Pulse.uasset" 480
"D:/game jam/MyProject/Content/StarterContent/Textures/T_Tech_Panel_M.uasset" 481
"D:/game jam/MyProject/Content/StarterContent/Textures/T_Tech_Panel_N.uasset" 482
"D:/game jam/MyProject/Content/StarterContent/Materials/M_Tech_Panel.uasset" 483
"D:/game jam/MyProject/Content/StarterContent/Materials/M_Water_Lake.uasset" 484
"D:/game jam/MyProject/Content/StarterContent/Textures/T_Water_M.uasset" 485
"D:/game jam/MyProject/Content/StarterContent/Materials/M_Water_Ocean.uasset" 486
"D:/game jam/MyProject/Content/StarterContent/Textures/T_Wood_Floor_Walnut_D.uasset" 487
"D:/game jam/MyProject/Content/StarterContent/Textures/T_Wood_Floor_Walnut_M.uasset" 488
"D:/game jam/MyProject/Content/StarterContent/Textures/T_Wood_Floor_Walnut_N.uasset" 489
"D:/game jam/MyProject/Content/StarterContent/Materials/M_Wood_Floor_Walnut_Polished.uasset" 490
"../../../Engine/Content/Functions/Engine_MaterialFunctions01/Opacity/AlphaOffset.uasset" 491
"D:/game jam/MyProject/Content/StarterContent/Materials/M_Wood_Floor_Walnut_Worn.uasset" 492
"D:/game jam/MyProject/Content/StarterContent/Textures/T_Wood_Oak_D.uasset" 493
"D:/game jam/MyProject/Content/StarterContent/Textures/T_Wood_Oak_N.uasset" 494
"D:/game jam/MyProject/Content/StarterContent/Materials/M_Wood_Oak.uasset" 495
"D:/game jam/MyProject/Content/StarterContent/Textures/T_Wood_Pine_D.uasset" 496
"D:/game jam/MyProject/Content/StarterContent/Textures/T_Wood_Pine_N.uasset" 497
"D:/game jam/MyProject/Content/StarterContent/Materials/M_Wood_Pine.uasset" 498
"D:/game jam/MyProject/Content/StarterContent/Textures/T_Wood_Walnut_D.uasset" 499
"D:/game jam/MyProject/Content/StarterContent/Textures/T_Wood_Walnut_N.uasset" 500
"D:/game jam/MyProject/Content/StarterContent/Materials/M_Wood_Walnut.uasset" 501
"D:/game jam/MyProject/Content/StarterContent/Architecture/Wall_400x200.uasset" 502
"D:/game jam/MyProject/Content/StarterContent/Architecture/Wall_Door_400x300.uasset" 503
"D:/game jam/MyProject/Content/StarterContent/Architecture/Wall_Window_400x300.uasset" 504
"D:/game jam/MyProject/Content/StarterContent/Audio/Collapse_Cue.uasset" 505
"D:/game jam/MyProject/Content/StarterContent/Audio/Starter_Music_Cue.uasset" 506
"D:/game jam/MyProject/Content/StarterContent/Textures/T_Dust_Particle_D.uasset" 507
"D:/game jam/MyProject/Content/StarterContent/Particles/Materials/M_Dust_Particle.uasset" 508
"D:/game jam/MyProject/Content/StarterContent/Particles/P_Ambient_Dust.uasset" 509
"D:/game jam/MyProject/Content/StarterContent/Props/MaterialSphere.uasset" 510
"D:/game jam/MyProject/Content/StarterContent/Textures/T_Frame_M.uasset" 511
"D:/game jam/MyProject/Content/StarterContent/Textures/T_Frame_N.uasset" 512
"D:/game jam/MyProject/Content/StarterContent/Props/Materials/M_Frame.uasset" 513
"D:/game jam/MyProject/Content/StarterContent/Props/SM_CornerFrame.uasset" 514
"D:/game jam/MyProject/Content/StarterContent/Props/SM_DoorFrame.uasset" 515
"D:/game jam/MyProject/Content/StarterContent/Props/SM_GlassWindow.uasset" 516
"D:/game jam/MyProject/Content/StarterContent/Props/SM_PillarFrame.uasset" 517
"D:/game jam/MyProject/Content/StarterContent/Props/SM_PillarFrame300.uasset" 518
"D:/game jam/MyProject/Content/StarterContent/Props/SM_WindowFrame.uasset" 519
"D:/game jam/MyProject/Content/StarterContent/Shapes/Shape_Cube.uasset" 520
"D:/game jam/MyProject/Content/StarterContent/Shapes/Shape_QuadPyramid.uasset" 521
"D:/game jam/MyProject/Content/StarterContent/Shapes/Shape_Sphere.uasset" 522
"D:/game jam/MyProject/Content/StarterContent/Maps/StarterMap.umap" 523
"D:/game jam/MyProject/Content/img/THSarabun_Bold.uasset" 524
"D:/game jam/MyProject/Content/img/THSarabun_Bold_Font.uasset" 525
"D:/game jam/MyProject/Content/img/2.uasset" 526
"D:/game jam/MyProject/Content/img/exit.uasset" 527
"D:/game jam/MyProject/Content/img/exit_hover.uasset" 528
"D:/game jam/MyProject/Content/img/IMG_7965.uasset" 529
"D:/game jam/MyProject/Content/img/start.uasset" 530
"D:/game jam/MyProject/Content/img/start_hover.uasset" 531
"D:/game jam/MyProject/Content/UI/mainMenu.uasset" 532
"D:/game jam/MyProject/Content/ThirdPersonBP/Maps/mainMenu.umap" 533
"D:/game jam/MyProject/Content/Items/B2_Item.uasset" 534
"D:/game jam/MyProject/Content/Items/B3_Item.uasset" 535
"../../../Engine/Content/BasicShapes/BasicShapeMaterial.uasset" 536
"D:/game jam/MyProject/Content/Items/door_B1_W1.uasset" 537
"D:/game jam/MyProject/Content/Items/hint_b1.uasset" 538
"D:/game jam/MyProject/Content/Items/table_B.uasset" 539
"D:/game jam/MyProject/Content/Items/table_w.uasset" 540
"D:/game jam/MyProject/Content/Items/W1_Item.uasset" 541
"D:/game jam/MyProject/Content/Items/W2_Item.uasset" 542
"D:/game jam/MyProject/Content/Items/W3_Item.uasset" 543
"D:/game jam/MyProject/Content/ThirdPersonBP/Maps/ThirdPersonExampleMap_BuiltData.uasset" 544
"../../../Engine/Content/BasicShapes/Plane.uasset" 545
"D:/game jam/MyProject/Content/Map/map_v2/MapFullV2_Roof.uasset" 546
"D:/game jam/MyProject/Content/UI/EndGame.uasset" 547
"D:/game jam/MyProject/Content/UI/tutorial.uasset" 548
"D:/game jam/MyProject/Content/ThirdPersonBP/Maps/ThirdPersonExampleMap.umap" 549
"../../../Engine/Content/Maps/Entry_BuiltData.uasset" 550
"../../../Engine/Content/Maps/Entry.umap" 551
